#
# There is insufficient memory for the Java Runtime Environment to continue.
# Native memory allocation (malloc) failed to allocate 1795696 bytes. Error detail: Chunk::new
# Possible reasons:
#   The system is out of physical RAM or swap space
#   This process is running with CompressedOops enabled, and the Java Heap may be blocking the growth of the native heap
# Possible solutions:
#   Reduce memory load on the system
#   Increase physical memory or swap space
#   Check if swap backing store is full
#   Decrease Java heap size (-Xmx/-Xms)
#   Decrease number of Java threads
#   Decrease Java thread stack sizes (-Xss)
#   Set larger code cache with -XX:ReservedCodeCacheSize=
#   JVM is running with Unscaled Compressed Oops mode in which the Java heap is
#     placed in the first 4GB address space. The Java Heap base address is the
#     maximum limit for the native heap growth. Please use -XX:HeapBaseMinAddress
#     to set the Java Heap base and to place the Java Heap above 4GB virtual address.
# This output file may be truncated or incomplete.
#
#  Out of Memory Error (arena.cpp:168), pid=3660, tid=19484
#
# JRE version: OpenJDK Runtime Environment (21.0.6) (build 21.0.6+-13391695-b895.109)
# Java VM: OpenJDK 64-Bit Server VM (21.0.6+-13391695-b895.109, mixed mode, tiered, compressed oops, compressed class ptrs, g1 gc, windows-amd64)
# No core dump will be written. Minidumps are not enabled by default on client versions of Windows
#

---------------  S U M M A R Y ------------

Command Line: --add-opens=java.base/java.lang=ALL-UNNAMED --add-opens=java.base/java.lang.invoke=ALL-UNNAMED --add-opens=java.base/java.util=ALL-UNNAMED --add-opens=java.prefs/java.util.prefs=ALL-UNNAMED --add-exports=jdk.compiler/com.sun.tools.javac.api=ALL-UNNAMED --add-exports=jdk.compiler/com.sun.tools.javac.util=ALL-UNNAMED --add-opens=java.base/java.util=ALL-UNNAMED --add-opens=java.prefs/java.util.prefs=ALL-UNNAMED --add-opens=java.base/java.nio.charset=ALL-UNNAMED --add-opens=java.base/java.net=ALL-UNNAMED --add-opens=java.base/java.util.concurrent.atomic=ALL-UNNAMED --add-opens=java.xml/javax.xml.namespace=ALL-UNNAMED -Xmx2048m -Dfile.encoding=UTF-8 -Duser.country=ES -Duser.language=es -Duser.variant -javaagent:C:\Users\diego\.gradle\wrapper\dists\gradle-8.13-bin\5xuhj0ry160q40clulazy9h7d\gradle-8.13\lib\agents\gradle-instrumentation-agent-8.13.jar org.gradle.launcher.daemon.bootstrap.GradleDaemon 8.13

Host: Intel(R) Core(TM) i7-8750H CPU @ 2.20GHz, 12 cores, 7G,  Windows 11 , 64 bit Build 26100 (10.0.26100.4484)
Time: Sun Jul  6 13:38:33 2025 Hora de verano romance elapsed time: 32.871445 seconds (0d 0h 0m 32s)

---------------  T H R E A D  ---------------

Current thread (0x000001e057b5bfc0):  JavaThread "C2 CompilerThread1" daemon [_thread_in_native, id=19484, stack(0x0000008853a00000,0x0000008853b00000) (1024K)]


Current CompileTask:
C2:32871 2978       4       java.net.URLClassLoader$1::run (5 bytes)

Stack: [0x0000008853a00000,0x0000008853b00000]
Native frames: (J=compiled Java code, j=interpreted, Vv=VM code, C=native code)
V  [jvm.dll+0x6d0639]
V  [jvm.dll+0x85eb03]
V  [jvm.dll+0x86105e]
V  [jvm.dll+0x861743]
V  [jvm.dll+0x27e6e6]
V  [jvm.dll+0xbff6d]
V  [jvm.dll+0xc04a3]
V  [jvm.dll+0x3b6171]
V  [jvm.dll+0x3820c7]
V  [jvm.dll+0x38153a]
V  [jvm.dll+0x247c82]
V  [jvm.dll+0x247251]
V  [jvm.dll+0x1c5f04]
V  [jvm.dll+0x2569ac]
V  [jvm.dll+0x254ef6]
V  [jvm.dll+0x3f0e96]
V  [jvm.dll+0x806ed8]
V  [jvm.dll+0x6cef0d]
C  [ucrtbase.dll+0x37b0]
C  [KERNEL32.DLL+0x2e8d7]
C  [ntdll.dll+0x3c34c]


---------------  P R O C E S S  ---------------

Threads class SMR info:
_java_thread_list=0x000001e05d994f20, length=25, elements={
0x000001e03d177020, 0x000001e057259ee0, 0x000001e05725a930, 0x000001e05725c890,
0x000001e05723f740, 0x000001e057241870, 0x000001e057242520, 0x000001e057267320,
0x000001e05726fdc0, 0x000001e0573ba1f0, 0x000001e05755b3f0, 0x000001e0574a1360,
0x000001e0575ef7c0, 0x000001e05d320010, 0x000001e0579fdf80, 0x000001e057444980,
0x000001e05c54feb0, 0x000001e0573ccdb0, 0x000001e0573cdad0, 0x000001e0573cd440,
0x000001e0573ce160, 0x000001e0573cc720, 0x000001e0573cba00, 0x000001e0573cc090,
0x000001e057b5bfc0
}

Java Threads: ( => current thread )
  0x000001e03d177020 JavaThread "main"                              [_thread_blocked, id=21512, stack(0x0000008851000000,0x0000008851100000) (1024K)]
  0x000001e057259ee0 JavaThread "Reference Handler"          daemon [_thread_blocked, id=10168, stack(0x0000008851800000,0x0000008851900000) (1024K)]
  0x000001e05725a930 JavaThread "Finalizer"                  daemon [_thread_blocked, id=22460, stack(0x0000008851900000,0x0000008851a00000) (1024K)]
  0x000001e05725c890 JavaThread "Signal Dispatcher"          daemon [_thread_blocked, id=16812, stack(0x0000008851a00000,0x0000008851b00000) (1024K)]
  0x000001e05723f740 JavaThread "Attach Listener"            daemon [_thread_blocked, id=13172, stack(0x0000008851b00000,0x0000008851c00000) (1024K)]
  0x000001e057241870 JavaThread "Service Thread"             daemon [_thread_blocked, id=2752, stack(0x0000008851c00000,0x0000008851d00000) (1024K)]
  0x000001e057242520 JavaThread "Monitor Deflation Thread"   daemon [_thread_blocked, id=19828, stack(0x0000008851d00000,0x0000008851e00000) (1024K)]
  0x000001e057267320 JavaThread "C2 CompilerThread0"         daemon [_thread_in_native, id=7728, stack(0x0000008851e00000,0x0000008851f00000) (1024K)]
  0x000001e05726fdc0 JavaThread "C1 CompilerThread0"         daemon [_thread_blocked, id=2444, stack(0x0000008851f00000,0x0000008852000000) (1024K)]
  0x000001e0573ba1f0 JavaThread "Common-Cleaner"             daemon [_thread_blocked, id=12020, stack(0x0000008852000000,0x0000008852100000) (1024K)]
  0x000001e05755b3f0 JavaThread "Notification Thread"        daemon [_thread_blocked, id=21688, stack(0x0000008852100000,0x0000008852200000) (1024K)]
  0x000001e0574a1360 JavaThread "Daemon health stats"               [_thread_blocked, id=19884, stack(0x0000008852200000,0x0000008852300000) (1024K)]
  0x000001e0575ef7c0 JavaThread "Incoming local TCP Connector on port 51808"        [_thread_in_native, id=17804, stack(0x0000008852700000,0x0000008852800000) (1024K)]
  0x000001e05d320010 JavaThread "Daemon periodic checks"            [_thread_blocked, id=2604, stack(0x0000008852800000,0x0000008852900000) (1024K)]
  0x000001e0579fdf80 JavaThread "Daemon"                            [_thread_blocked, id=16292, stack(0x0000008852900000,0x0000008852a00000) (1024K)]
  0x000001e057444980 JavaThread "Handler for socket connection from /127.0.0.1:51808 to /127.0.0.1:51812"        [_thread_in_native, id=22504, stack(0x0000008852a00000,0x0000008852b00000) (1024K)]
  0x000001e05c54feb0 JavaThread "Cancel handler"                    [_thread_blocked, id=18520, stack(0x0000008852b00000,0x0000008852c00000) (1024K)]
  0x000001e0573ccdb0 JavaThread "Daemon worker"                     [_thread_in_vm, id=4560, stack(0x0000008852c00000,0x0000008852d00000) (1024K)]
  0x000001e0573cdad0 JavaThread "Asynchronous log dispatcher for DefaultDaemonConnection: socket connection from /127.0.0.1:51808 to /127.0.0.1:51812"        [_thread_blocked, id=15496, stack(0x0000008852d00000,0x0000008852e00000) (1024K)]
  0x000001e0573cd440 JavaThread "Stdin handler"                     [_thread_blocked, id=3232, stack(0x0000008852e00000,0x0000008852f00000) (1024K)]
  0x000001e0573ce160 JavaThread "Daemon client event forwarder"        [_thread_blocked, id=17660, stack(0x0000008852f00000,0x0000008853000000) (1024K)]
  0x000001e0573cc720 JavaThread "Cache worker for journal cache (C:\Users\diego\.gradle\caches\journal-1)"        [_thread_blocked, id=17340, stack(0x0000008853700000,0x0000008853800000) (1024K)]
  0x000001e0573cba00 JavaThread "File lock request listener"        [_thread_in_native, id=16716, stack(0x0000008853800000,0x0000008853900000) (1024K)]
  0x000001e0573cc090 JavaThread "Cache worker for file hash cache (C:\Users\diego\.gradle\caches\8.13\fileHashes)"        [_thread_blocked, id=19956, stack(0x0000008853900000,0x0000008853a00000) (1024K)]
=>0x000001e057b5bfc0 JavaThread "C2 CompilerThread1"         daemon [_thread_in_native, id=19484, stack(0x0000008853a00000,0x0000008853b00000) (1024K)]
Total: 25

Other Threads:
  0x000001e0571e8050 VMThread "VM Thread"                           [id=20168, stack(0x0000008851700000,0x0000008851800000) (1024K)]
  0x000001e05702f950 WatcherThread "VM Periodic Task Thread"        [id=11832, stack(0x0000008851600000,0x0000008851700000) (1024K)]
  0x000001e03f5c3300 WorkerThread "GC Thread#0"                     [id=8664, stack(0x0000008851100000,0x0000008851200000) (1024K)]
  0x000001e057966800 WorkerThread "GC Thread#1"                     [id=9292, stack(0x0000008852300000,0x0000008852400000) (1024K)]
  0x000001e057966ba0 WorkerThread "GC Thread#2"                     [id=16336, stack(0x0000008852400000,0x0000008852500000) (1024K)]
  0x000001e0577fa1d0 WorkerThread "GC Thread#3"                     [id=14572, stack(0x0000008852500000,0x0000008852600000) (1024K)]
  0x000001e05c3fd950 WorkerThread "GC Thread#4"                     [id=19924, stack(0x0000008852600000,0x0000008852700000) (1024K)]
  0x000001e0577c3f00 WorkerThread "GC Thread#5"                     [id=13476, stack(0x0000008853000000,0x0000008853100000) (1024K)]
  0x000001e0577c42a0 WorkerThread "GC Thread#6"                     [id=14460, stack(0x0000008853100000,0x0000008853200000) (1024K)]
  0x000001e0577c4640 WorkerThread "GC Thread#7"                     [id=4208, stack(0x0000008853200000,0x0000008853300000) (1024K)]
  0x000001e0577c49e0 WorkerThread "GC Thread#8"                     [id=9636, stack(0x0000008853300000,0x0000008853400000) (1024K)]
  0x000001e0577c4d80 WorkerThread "GC Thread#9"                     [id=12708, stack(0x0000008853400000,0x0000008853500000) (1024K)]
  0x000001e03f5d4350 ConcurrentGCThread "G1 Main Marker"            [id=19672, stack(0x0000008851200000,0x0000008851300000) (1024K)]
  0x000001e03f5d68f0 WorkerThread "G1 Conc#0"                       [id=12864, stack(0x0000008851300000,0x0000008851400000) (1024K)]
  0x000001e05c634c50 WorkerThread "G1 Conc#1"                       [id=13176, stack(0x0000008853500000,0x0000008853600000) (1024K)]
  0x000001e05c634ff0 WorkerThread "G1 Conc#2"                       [id=1068, stack(0x0000008853600000,0x0000008853700000) (1024K)]
  0x000001e056eff560 ConcurrentGCThread "G1 Refine#0"               [id=20324, stack(0x0000008851400000,0x0000008851500000) (1024K)]
  0x000001e056f01d90 ConcurrentGCThread "G1 Service"                [id=11100, stack(0x0000008851500000,0x0000008851600000) (1024K)]
Total: 18

Threads with active compile tasks:
C2 CompilerThread0  33010 2979   !   4       java.net.URLClassLoader$1::run (81 bytes)
C2 CompilerThread1  33010 2978       4       java.net.URLClassLoader$1::run (5 bytes)
Total: 2

VM state: not at safepoint (normal execution)

VM Mutex/Monitor currently owned by a thread: None

Heap address: 0x0000000080000000, size: 2048 MB, Compressed Oops mode: 32-bit

CDS archive(s) not mapped
Compressed class space mapped at: 0x0000000100000000-0x0000000140000000, reserved size: 1073741824
Narrow klass base: 0x0000000000000000, Narrow klass shift: 3, Narrow klass range: 0x140000000

GC Precious Log:
 CardTable entry size: 512
 Card Set container configuration: InlinePtr #cards 5 size 8 Array Of Cards #cards 12 size 40 Howl #buckets 4 coarsen threshold 1843 Howl Bitmap #cards 512 size 80 coarsen threshold 460 Card regions per heap region 1 cards per card region 2048
 CPUs: 12 total, 12 available
 Memory: 8046M
 Large Page Support: Disabled
 NUMA Support: Disabled
 Compressed Oops: Enabled (32-bit)
 Heap Region Size: 1M
 Heap Min Capacity: 8M
 Heap Initial Capacity: 126M
 Heap Max Capacity: 2G
 Pre-touch: Disabled
 Parallel Workers: 10
 Concurrent Workers: 3
 Concurrent Refinement Workers: 10
 Periodic GC: Disabled

Heap:
 garbage-first heap   total 68608K, used 45614K [0x0000000080000000, 0x0000000100000000)
  region size 1024K, 27 young (27648K), 2 survivors (2048K)
 Metaspace       used 30111K, committed 30720K, reserved 1114112K
  class space    used 3863K, committed 4160K, reserved 1048576K

Heap Regions: E=young(eden), S=young(survivor), O=old, HS=humongous(starts), HC=humongous(continues), CS=collection set, F=free, TAMS=top-at-mark-start, PB=parsable bottom
|   0|0x0000000080000000, 0x0000000080100000, 0x0000000080100000|100%|HS|  |TAMS 0x0000000080000000| PB 0x0000000080000000| Complete 
|   1|0x0000000080100000, 0x0000000080200000, 0x0000000080200000|100%|HC|  |TAMS 0x0000000080100000| PB 0x0000000080100000| Complete 
|   2|0x0000000080200000, 0x0000000080300000, 0x0000000080300000|100%|HC|  |TAMS 0x0000000080200000| PB 0x0000000080200000| Complete 
|   3|0x0000000080300000, 0x0000000080400000, 0x0000000080400000|100%| O|Cm|TAMS 0x0000000080300000| PB 0x0000000080300000| Complete 
|   4|0x0000000080400000, 0x0000000080500000, 0x0000000080500000|100%| O|  |TAMS 0x0000000080400000| PB 0x0000000080400000| Untracked 
|   5|0x0000000080500000, 0x0000000080600000, 0x0000000080600000|100%| O|  |TAMS 0x0000000080500000| PB 0x0000000080500000| Untracked 
|   6|0x0000000080600000, 0x0000000080700000, 0x0000000080700000|100%|HS|  |TAMS 0x0000000080600000| PB 0x0000000080600000| Complete 
|   7|0x0000000080700000, 0x0000000080800000, 0x0000000080800000|100%| O|  |TAMS 0x0000000080700000| PB 0x0000000080700000| Untracked 
|   8|0x0000000080800000, 0x0000000080900000, 0x0000000080900000|100%| O|  |TAMS 0x0000000080800000| PB 0x0000000080800000| Untracked 
|   9|0x0000000080900000, 0x0000000080a00000, 0x0000000080a00000|100%| O|  |TAMS 0x0000000080900000| PB 0x0000000080900000| Untracked 
|  10|0x0000000080a00000, 0x0000000080b00000, 0x0000000080b00000|100%| O|  |TAMS 0x0000000080a00000| PB 0x0000000080a00000| Untracked 
|  11|0x0000000080b00000, 0x0000000080c00000, 0x0000000080c00000|100%| O|  |TAMS 0x0000000080b00000| PB 0x0000000080b00000| Untracked 
|  12|0x0000000080c00000, 0x0000000080cd6260, 0x0000000080d00000| 83%| O|  |TAMS 0x0000000080c00000| PB 0x0000000080c00000| Untracked 
|  13|0x0000000080d00000, 0x0000000080e00000, 0x0000000080e00000|100%| O|  |TAMS 0x0000000080d00000| PB 0x0000000080d00000| Untracked 
|  14|0x0000000080e00000, 0x0000000080f00000, 0x0000000080f00000|100%| O|  |TAMS 0x0000000080e00000| PB 0x0000000080e00000| Untracked 
|  15|0x0000000080f00000, 0x0000000081000000, 0x0000000081000000|100%| O|  |TAMS 0x0000000080f00000| PB 0x0000000080f00000| Untracked 
|  16|0x0000000081000000, 0x0000000081100000, 0x0000000081100000|100%| O|  |TAMS 0x0000000081000000| PB 0x0000000081000000| Untracked 
|  17|0x0000000081100000, 0x0000000081200000, 0x0000000081200000|100%| O|  |TAMS 0x0000000081100000| PB 0x0000000081100000| Untracked 
|  18|0x0000000081200000, 0x0000000081300000, 0x0000000081300000|100%| O|  |TAMS 0x0000000081200000| PB 0x0000000081200000| Untracked 
|  19|0x0000000081300000, 0x00000000813b57e0, 0x0000000081400000| 70%| O|  |TAMS 0x0000000081300000| PB 0x0000000081300000| Untracked 
|  20|0x0000000081400000, 0x0000000081400000, 0x0000000081500000|  0%| F|  |TAMS 0x0000000081400000| PB 0x0000000081400000| Untracked 
|  21|0x0000000081500000, 0x0000000081500000, 0x0000000081600000|  0%| F|  |TAMS 0x0000000081500000| PB 0x0000000081500000| Untracked 
|  22|0x0000000081600000, 0x0000000081600000, 0x0000000081700000|  0%| F|  |TAMS 0x0000000081600000| PB 0x0000000081600000| Untracked 
|  23|0x0000000081700000, 0x0000000081700000, 0x0000000081800000|  0%| F|  |TAMS 0x0000000081700000| PB 0x0000000081700000| Untracked 
|  24|0x0000000081800000, 0x0000000081800000, 0x0000000081900000|  0%| F|  |TAMS 0x0000000081800000| PB 0x0000000081800000| Untracked 
|  25|0x0000000081900000, 0x0000000081a00000, 0x0000000081a00000|100%| S|CS|TAMS 0x0000000081900000| PB 0x0000000081900000| Complete 
|  26|0x0000000081a00000, 0x0000000081b00000, 0x0000000081b00000|100%| S|CS|TAMS 0x0000000081a00000| PB 0x0000000081a00000| Complete 
|  27|0x0000000081b00000, 0x0000000081b00000, 0x0000000081c00000|  0%| F|  |TAMS 0x0000000081b00000| PB 0x0000000081b00000| Untracked 
|  28|0x0000000081c00000, 0x0000000081c00000, 0x0000000081d00000|  0%| F|  |TAMS 0x0000000081c00000| PB 0x0000000081c00000| Untracked 
|  29|0x0000000081d00000, 0x0000000081d00000, 0x0000000081e00000|  0%| F|  |TAMS 0x0000000081d00000| PB 0x0000000081d00000| Untracked 
|  30|0x0000000081e00000, 0x0000000081e00000, 0x0000000081f00000|  0%| F|  |TAMS 0x0000000081e00000| PB 0x0000000081e00000| Untracked 
|  31|0x0000000081f00000, 0x0000000081f00000, 0x0000000082000000|  0%| F|  |TAMS 0x0000000081f00000| PB 0x0000000081f00000| Untracked 
|  32|0x0000000082000000, 0x0000000082000000, 0x0000000082100000|  0%| F|  |TAMS 0x0000000082000000| PB 0x0000000082000000| Untracked 
|  33|0x0000000082100000, 0x0000000082100000, 0x0000000082200000|  0%| F|  |TAMS 0x0000000082100000| PB 0x0000000082100000| Untracked 
|  34|0x0000000082200000, 0x0000000082200000, 0x0000000082300000|  0%| F|  |TAMS 0x0000000082200000| PB 0x0000000082200000| Untracked 
|  35|0x0000000082300000, 0x0000000082300000, 0x0000000082400000|  0%| F|  |TAMS 0x0000000082300000| PB 0x0000000082300000| Untracked 
|  36|0x0000000082400000, 0x0000000082400000, 0x0000000082500000|  0%| F|  |TAMS 0x0000000082400000| PB 0x0000000082400000| Untracked 
|  37|0x0000000082500000, 0x0000000082500000, 0x0000000082600000|  0%| F|  |TAMS 0x0000000082500000| PB 0x0000000082500000| Untracked 
|  38|0x0000000082600000, 0x0000000082600000, 0x0000000082700000|  0%| F|  |TAMS 0x0000000082600000| PB 0x0000000082600000| Untracked 
|  39|0x0000000082700000, 0x0000000082700000, 0x0000000082800000|  0%| F|  |TAMS 0x0000000082700000| PB 0x0000000082700000| Untracked 
|  40|0x0000000082800000, 0x0000000082800000, 0x0000000082900000|  0%| F|  |TAMS 0x0000000082800000| PB 0x0000000082800000| Untracked 
|  41|0x0000000082900000, 0x0000000082900000, 0x0000000082a00000|  0%| F|  |TAMS 0x0000000082900000| PB 0x0000000082900000| Untracked 
|  42|0x0000000082a00000, 0x0000000082a7b020, 0x0000000082b00000| 48%| E|  |TAMS 0x0000000082a00000| PB 0x0000000082a00000| Complete 
|  43|0x0000000082b00000, 0x0000000082c00000, 0x0000000082c00000|100%| E|CS|TAMS 0x0000000082b00000| PB 0x0000000082b00000| Complete 
|  44|0x0000000082c00000, 0x0000000082d00000, 0x0000000082d00000|100%| E|CS|TAMS 0x0000000082c00000| PB 0x0000000082c00000| Complete 
|  45|0x0000000082d00000, 0x0000000082e00000, 0x0000000082e00000|100%| E|CS|TAMS 0x0000000082d00000| PB 0x0000000082d00000| Complete 
|  46|0x0000000082e00000, 0x0000000082f00000, 0x0000000082f00000|100%| E|CS|TAMS 0x0000000082e00000| PB 0x0000000082e00000| Complete 
|  47|0x0000000082f00000, 0x0000000083000000, 0x0000000083000000|100%| E|CS|TAMS 0x0000000082f00000| PB 0x0000000082f00000| Complete 
|  48|0x0000000083000000, 0x0000000083100000, 0x0000000083100000|100%| E|CS|TAMS 0x0000000083000000| PB 0x0000000083000000| Complete 
|  49|0x0000000083100000, 0x0000000083200000, 0x0000000083200000|100%| E|CS|TAMS 0x0000000083100000| PB 0x0000000083100000| Complete 
|  50|0x0000000083200000, 0x0000000083300000, 0x0000000083300000|100%| E|CS|TAMS 0x0000000083200000| PB 0x0000000083200000| Complete 
|  51|0x0000000083300000, 0x0000000083400000, 0x0000000083400000|100%| E|CS|TAMS 0x0000000083300000| PB 0x0000000083300000| Complete 
|  52|0x0000000083400000, 0x0000000083500000, 0x0000000083500000|100%| E|CS|TAMS 0x0000000083400000| PB 0x0000000083400000| Complete 
|  53|0x0000000083500000, 0x0000000083600000, 0x0000000083600000|100%| E|CS|TAMS 0x0000000083500000| PB 0x0000000083500000| Complete 
|  54|0x0000000083600000, 0x0000000083700000, 0x0000000083700000|100%| E|CS|TAMS 0x0000000083600000| PB 0x0000000083600000| Complete 
|  55|0x0000000083700000, 0x0000000083800000, 0x0000000083800000|100%| E|CS|TAMS 0x0000000083700000| PB 0x0000000083700000| Complete 
|  56|0x0000000083800000, 0x0000000083900000, 0x0000000083900000|100%| E|CS|TAMS 0x0000000083800000| PB 0x0000000083800000| Complete 
|  88|0x0000000085800000, 0x0000000085900000, 0x0000000085900000|100%| E|CS|TAMS 0x0000000085800000| PB 0x0000000085800000| Complete 
|  89|0x0000000085900000, 0x0000000085a00000, 0x0000000085a00000|100%| E|  |TAMS 0x0000000085900000| PB 0x0000000085900000| Complete 
|  90|0x0000000085a00000, 0x0000000085b00000, 0x0000000085b00000|100%| E|CS|TAMS 0x0000000085a00000| PB 0x0000000085a00000| Complete 
|  91|0x0000000085b00000, 0x0000000085c00000, 0x0000000085c00000|100%| E|CS|TAMS 0x0000000085b00000| PB 0x0000000085b00000| Complete 
|  92|0x0000000085c00000, 0x0000000085d00000, 0x0000000085d00000|100%| E|CS|TAMS 0x0000000085c00000| PB 0x0000000085c00000| Complete 
|  93|0x0000000085d00000, 0x0000000085e00000, 0x0000000085e00000|100%| E|CS|TAMS 0x0000000085d00000| PB 0x0000000085d00000| Complete 
|  94|0x0000000085e00000, 0x0000000085f00000, 0x0000000085f00000|100%| E|CS|TAMS 0x0000000085e00000| PB 0x0000000085e00000| Complete 
|  95|0x0000000085f00000, 0x0000000086000000, 0x0000000086000000|100%| E|CS|TAMS 0x0000000085f00000| PB 0x0000000085f00000| Complete 
| 124|0x0000000087c00000, 0x0000000087d00000, 0x0000000087d00000|100%| E|CS|TAMS 0x0000000087c00000| PB 0x0000000087c00000| Complete 
| 125|0x0000000087d00000, 0x0000000087e00000, 0x0000000087e00000|100%| E|CS|TAMS 0x0000000087d00000| PB 0x0000000087d00000| Complete 

Card table byte_map: [0x000001e052010000,0x000001e052410000] _byte_map_base: 0x000001e051c10000

Marking Bits: (CMBitMap*) 0x000001e03f5c3910
 Bits: [0x000001e052410000, 0x000001e054410000)

Polling page: 0x000001e03eca0000

Metaspace:

Usage:
  Non-class:     25.64 MB used.
      Class:      3.77 MB used.
       Both:     29.41 MB used.

Virtual space:
  Non-class space:       64.00 MB reserved,      25.94 MB ( 41%) committed,  1 nodes.
      Class space:        1.00 GB reserved,       4.06 MB ( <1%) committed,  1 nodes.
             Both:        1.06 GB reserved,      30.00 MB (  3%) committed. 

Chunk freelists:
   Non-Class:  5.81 MB
       Class:  11.95 MB
        Both:  17.77 MB

MaxMetaspaceSize: unlimited
CompressedClassSpaceSize: 1.00 GB
Initial GC threshold: 21.00 MB
Current GC threshold: 35.25 MB
CDS: off
 - commit_granule_bytes: 65536.
 - commit_granule_words: 8192.
 - virtual_space_node_default_size: 8388608.
 - enlarge_chunks_in_place: 1.
 - use_allocation_guard: 0.


Internal statistics:

num_allocs_failed_limit: 3.
num_arena_births: 856.
num_arena_deaths: 0.
num_vsnodes_births: 2.
num_vsnodes_deaths: 0.
num_space_committed: 480.
num_space_uncommitted: 0.
num_chunks_returned_to_freelist: 3.
num_chunks_taken_from_freelist: 1707.
num_chunk_merges: 3.
num_chunk_splits: 1101.
num_chunks_enlarged: 703.
num_inconsistent_stats: 0.

CodeHeap 'non-profiled nmethods': size=120000Kb used=1578Kb max_used=1578Kb free=118421Kb
 bounds [0x000001e04a190000, 0x000001e04a400000, 0x000001e0516c0000]
CodeHeap 'profiled nmethods': size=120000Kb used=6010Kb max_used=6010Kb free=113989Kb
 bounds [0x000001e0426c0000, 0x000001e042ca0000, 0x000001e049bf0000]
CodeHeap 'non-nmethods': size=5760Kb used=1485Kb max_used=1556Kb free=4275Kb
 bounds [0x000001e049bf0000, 0x000001e049e60000, 0x000001e04a190000]
 total_blobs=3582 nmethods=3004 adapters=482
 compilation: enabled
              stopped_count=0, restarted_count=0
 full_count=0

Compilation events (20 events):
Event: 32.485 Thread 0x000001e05726fdc0 2996       3       java.lang.reflect.Method::getGenericParameterTypes (5 bytes)
Event: 32.488 Thread 0x000001e05726fdc0 nmethod 2996 0x000001e042c98790 code [0x000001e042c989c0, 0x000001e042c99220]
Event: 32.488 Thread 0x000001e05726fdc0 2997       3       java.lang.reflect.Method::hasGenericInformation (13 bytes)
Event: 32.489 Thread 0x000001e05726fdc0 nmethod 2997 0x000001e042c99490 code [0x000001e042c99640, 0x000001e042c997b8]
Event: 32.495 Thread 0x000001e05726fdc0 3000       3       org.gradle.internal.service.DefaultServiceRegistry$SingletonService::getAll (38 bytes)
Event: 32.497 Thread 0x000001e05726fdc0 nmethod 3000 0x000001e042c99890 code [0x000001e042c99a80, 0x000001e042c99e98]
Event: 32.497 Thread 0x000001e05726fdc0 3001       3       org.gradle.internal.service.DefaultServiceRegistry$CollectingVisitor::visit (25 bytes)
Event: 32.497 Thread 0x000001e05726fdc0 nmethod 3001 0x000001e042c9a010 code [0x000001e042c9a1e0, 0x000001e042c9a4b0]
Event: 32.672 Thread 0x000001e05726fdc0 3004       3       org.gradle.internal.service.ServiceScopeValidator::getAnnotations (4 bytes)
Event: 32.673 Thread 0x000001e05726fdc0 nmethod 3004 0x000001e042c9a590 code [0x000001e042c9a720, 0x000001e042c9a838]
Event: 32.681 Thread 0x000001e05726fdc0 3005       3       org.gradle.internal.service.DefaultServiceRegistry::determineAccessScope (30 bytes)
Event: 32.682 Thread 0x000001e05726fdc0 nmethod 3005 0x000001e042c9a910 code [0x000001e042c9ab80, 0x000001e042c9b648]
Event: 32.682 Thread 0x000001e05726fdc0 3006       3       org.gradle.internal.service.DefaultServiceRegistry$FactoryMethodService::<init> (17 bytes)
Event: 32.682 Thread 0x000001e05726fdc0 nmethod 3006 0x000001e042c9ba10 code [0x000001e042c9bbc0, 0x000001e042c9bd88]
Event: 32.682 Thread 0x000001e05726fdc0 3007       3       org.gradle.internal.service.DefaultServiceRegistry$FactoryMethodService::serviceTypesOf (42 bytes)
Event: 32.685 Thread 0x000001e05726fdc0 nmethod 3007 0x000001e042c9be90 code [0x000001e042c9c180, 0x000001e042c9d1c8]
Event: 32.685 Thread 0x000001e05726fdc0 3008   !   3       jdk.proxy1.$Proxy2::value (29 bytes)
Event: 32.686 Thread 0x000001e05726fdc0 nmethod 3008 0x000001e042c9d790 code [0x000001e042c9d960, 0x000001e042c9dd40]
Event: 32.686 Thread 0x000001e05726fdc0 3009       3       org.gradle.internal.service.DefaultServiceRegistry$FactoryMethodService::<init> (34 bytes)
Event: 32.687 Thread 0x000001e05726fdc0 nmethod 3009 0x000001e042c9df10 code [0x000001e042c9e0e0, 0x000001e042c9e538]

GC Heap History (10 events):
Event: 2.874 GC heap before
{Heap before GC invocations=0 (full 0):
 garbage-first heap   total 129024K, used 22528K [0x0000000080000000, 0x0000000100000000)
  region size 1024K, 23 young (23552K), 0 survivors (0K)
 Metaspace       used 7982K, committed 8128K, reserved 1114112K
  class space    used 712K, committed 768K, reserved 1048576K
}
Event: 2.891 GC heap after
{Heap after GC invocations=1 (full 0):
 garbage-first heap   total 129024K, used 2474K [0x0000000080000000, 0x0000000100000000)
  region size 1024K, 3 young (3072K), 3 survivors (3072K)
 Metaspace       used 7982K, committed 8128K, reserved 1114112K
  class space    used 712K, committed 768K, reserved 1048576K
}
Event: 6.710 GC heap before
{Heap before GC invocations=1 (full 0):
 garbage-first heap   total 129024K, used 39338K [0x0000000080000000, 0x0000000100000000)
  region size 1024K, 37 young (37888K), 3 survivors (3072K)
 Metaspace       used 12204K, committed 12480K, reserved 1114112K
  class space    used 1285K, committed 1408K, reserved 1048576K
}
Event: 6.733 GC heap after
{Heap after GC invocations=2 (full 0):
 garbage-first heap   total 129024K, used 11095K [0x0000000080000000, 0x0000000100000000)
  region size 1024K, 5 young (5120K), 5 survivors (5120K)
 Metaspace       used 12204K, committed 12480K, reserved 1114112K
  class space    used 1285K, committed 1408K, reserved 1048576K
}
Event: 8.952 GC heap before
{Heap before GC invocations=2 (full 0):
 garbage-first heap   total 129024K, used 56151K [0x0000000080000000, 0x0000000100000000)
  region size 1024K, 47 young (48128K), 5 survivors (5120K)
 Metaspace       used 12542K, committed 12736K, reserved 1114112K
  class space    used 1336K, committed 1472K, reserved 1048576K
}
Event: 8.977 GC heap after
{Heap after GC invocations=3 (full 0):
 garbage-first heap   total 129024K, used 16555K [0x0000000080000000, 0x0000000100000000)
  region size 1024K, 5 young (5120K), 5 survivors (5120K)
 Metaspace       used 12542K, committed 12736K, reserved 1114112K
  class space    used 1336K, committed 1472K, reserved 1048576K
}
Event: 23.046 GC heap before
{Heap before GC invocations=3 (full 0):
 garbage-first heap   total 129024K, used 46251K [0x0000000080000000, 0x0000000100000000)
  region size 1024K, 35 young (35840K), 5 survivors (5120K)
 Metaspace       used 21190K, committed 21504K, reserved 1114112K
  class space    used 2449K, committed 2624K, reserved 1048576K
}
Event: 23.062 GC heap after
{Heap after GC invocations=4 (full 0):
 garbage-first heap   total 129024K, used 20312K [0x0000000080000000, 0x0000000100000000)
  region size 1024K, 8 young (8192K), 8 survivors (8192K)
 Metaspace       used 21190K, committed 21504K, reserved 1114112K
  class space    used 2449K, committed 2624K, reserved 1048576K
}
Event: 30.228 GC heap before
{Heap before GC invocations=5 (full 0):
 garbage-first heap   total 68608K, used 52056K [0x0000000080000000, 0x0000000100000000)
  region size 1024K, 40 young (40960K), 8 survivors (8192K)
 Metaspace       used 26865K, committed 27392K, reserved 1114112K
  class space    used 3287K, committed 3584K, reserved 1048576K
}
Event: 30.239 GC heap after
{Heap after GC invocations=6 (full 0):
 garbage-first heap   total 68608K, used 22062K [0x0000000080000000, 0x0000000100000000)
  region size 1024K, 2 young (2048K), 2 survivors (2048K)
 Metaspace       used 26865K, committed 27392K, reserved 1114112K
  class space    used 3287K, committed 3584K, reserved 1048576K
}

Dll operation events (3 events):
Event: 0.053 Loaded shared library C:\Program Files\Android\Android Studio\jbr\bin\java.dll
Event: 0.081 Loaded shared library C:\Program Files\Android\Android Studio\jbr\bin\zip.dll
Event: 3.526 Loaded shared library C:\Program Files\Android\Android Studio\jbr\bin\verify.dll

Deoptimization events (20 events):
Event: 29.302 Thread 0x000001e0573ccdb0 Uncommon trap: trap_request=0xffffff45 fr.pc=0x000001e04a22c000 relative=0x00000000000006a0
Event: 29.302 Thread 0x000001e0573ccdb0 Uncommon trap: reason=unstable_if action=reinterpret pc=0x000001e04a22c000 method=java.io.File.getName()Ljava/lang/String; @ 16 c2
Event: 29.302 Thread 0x000001e0573ccdb0 DEOPT PACKING pc=0x000001e04a22c000 sp=0x0000008852cfb110
Event: 29.302 Thread 0x000001e0573ccdb0 DEOPT UNPACKING pc=0x000001e049c446a2 sp=0x0000008852cfb0e0 mode 2
Event: 29.695 Thread 0x000001e0573ccdb0 Uncommon trap: trap_request=0xffffff45 fr.pc=0x000001e04a1baf94 relative=0x00000000000000f4
Event: 29.695 Thread 0x000001e0573ccdb0 Uncommon trap: reason=unstable_if action=reinterpret pc=0x000001e04a1baf94 method=java.util.HashMap.hash(Ljava/lang/Object;)I @ 1 c2
Event: 29.695 Thread 0x000001e0573ccdb0 DEOPT PACKING pc=0x000001e04a1baf94 sp=0x0000008852cfc210
Event: 29.696 Thread 0x000001e0573ccdb0 DEOPT UNPACKING pc=0x000001e049c446a2 sp=0x0000008852cfc150 mode 2
Event: 29.965 Thread 0x000001e0573ccdb0 Uncommon trap: trap_request=0xffffff45 fr.pc=0x000001e04a2310dc relative=0x00000000000007fc
Event: 29.965 Thread 0x000001e0573ccdb0 Uncommon trap: reason=unstable_if action=reinterpret pc=0x000001e04a2310dc method=java.util.ArrayList.grow(I)[Ljava/lang/Object; @ 17 c2
Event: 29.965 Thread 0x000001e0573ccdb0 DEOPT PACKING pc=0x000001e04a2310dc sp=0x0000008852cfd1d0
Event: 29.965 Thread 0x000001e0573ccdb0 DEOPT UNPACKING pc=0x000001e049c446a2 sp=0x0000008852cfd068 mode 2
Event: 30.949 Thread 0x000001e0573ccdb0 DEOPT PACKING pc=0x000001e042b3dea2 sp=0x0000008852cfc320
Event: 30.949 Thread 0x000001e0573ccdb0 DEOPT UNPACKING pc=0x000001e049c44e42 sp=0x0000008852cfb830 mode 0
Event: 31.114 Thread 0x000001e0573ccdb0 DEOPT PACKING pc=0x000001e042b3dea2 sp=0x0000008852cf7dd0
Event: 31.114 Thread 0x000001e0573ccdb0 DEOPT UNPACKING pc=0x000001e049c44e42 sp=0x0000008852cf72e0 mode 0
Event: 31.180 Thread 0x000001e0573ccdb0 DEOPT PACKING pc=0x000001e042b3de81 sp=0x0000008852cf7fa0
Event: 31.181 Thread 0x000001e0573ccdb0 DEOPT UNPACKING pc=0x000001e049c44e42 sp=0x0000008852cf74b0 mode 0
Event: 32.075 Thread 0x000001e0573ccdb0 DEOPT PACKING pc=0x000001e042b3de81 sp=0x0000008852cfb9d0
Event: 32.075 Thread 0x000001e0573ccdb0 DEOPT UNPACKING pc=0x000001e049c44e42 sp=0x0000008852cfaee0 mode 0

Classes loaded (20 events):
Event: 30.552 Loading class java/util/Collections$2
Event: 30.552 Loading class java/util/Collections$2 done
Event: 31.194 Loading class java/util/function/LongFunction
Event: 31.194 Loading class java/util/function/LongFunction done
Event: 31.485 Loading class java/security/InvalidKeyException
Event: 31.485 Loading class java/security/KeyException
Event: 31.486 Loading class java/security/KeyException done
Event: 31.486 Loading class java/security/InvalidKeyException done
Event: 31.848 Loading class java/util/regex/Pattern$Dollar
Event: 31.849 Loading class java/util/regex/Pattern$Dollar done
Event: 31.887 Loading class java/io/ObjectInputStream
Event: 31.890 Loading class java/io/ObjectInput
Event: 31.892 Loading class java/io/ObjectInput done
Event: 31.892 Loading class java/io/ObjectStreamConstants
Event: 31.893 Loading class java/io/ObjectStreamConstants done
Event: 31.893 Loading class java/io/ObjectInputStream done
Event: 31.897 Loading class java/io/ObjectOutputStream
Event: 31.898 Loading class java/io/ObjectOutput
Event: 31.899 Loading class java/io/ObjectOutput done
Event: 31.899 Loading class java/io/ObjectOutputStream done

Classes unloaded (0 events):
No events

Classes redefined (0 events):
No events

Internal exceptions (20 events):
Event: 29.542 Thread 0x000001e0573ccdb0 Exception <a 'java/lang/IncompatibleClassChangeError'{0x0000000082058838}: Found class java.lang.Object, but interface was expected> (0x0000000082058838) 
thrown [s\src\hotspot\share\interpreter\linkResolver.cpp, line 851]
Event: 29.695 Thread 0x000001e0573ccdb0 Implicit null exception at 0x000001e04a1baee6 to 0x000001e04a1baf8a
Event: 29.788 Thread 0x000001e0573ccdb0 Exception <a 'java/lang/NoSuchMethodError'{0x0000000081e51898}: 'int java.lang.invoke.DirectMethodHandle$Holder.invokeStatic(java.lang.Object, java.lang.Object, java.lang.Object, java.lang.Object)'> (0x0000000081e51898) 
thrown [s\src\hotspot\share\interpreter\linkResolver.cpp, line 784]
Event: 30.111 Thread 0x000001e0573ccdb0 Exception <a 'java/lang/NoSuchMethodError'{0x0000000081cbd128}: 'java.lang.Object java.lang.invoke.DelegatingMethodHandle$Holder.reinvoke_L(java.lang.Object, java.lang.Object, java.lang.Object, java.lang.Object, java.lang.Object, java.lang.Object, java.lang.Object, java.lang.Object, java.lang.Object, java.lang.Object, java.lang.Object, java.lang.Object, java.lang.Object, java.lang.Object, java.lang.Object, java.lang.Object, java.lang.Object, java.lang.Object, java.lang.Object, java.lang.Object, java.lang.O
Event: 30.146 Thread 0x000001e0573ccdb0 Exception <a 'java/lang/NoSuchMethodError'{0x0000000081b2c690}: 'java.lang.Object java.lang.invoke.DirectMethodHandle$Holder.invokeStatic(java.lang.Object, java.lang.Object, java.lang.Object, java.lang.Object, java.lang.Object, java.lang.Object, java.lang.Object, java.lang.Object, java.lang.Object, java.lang.Object, java.lang.Object, java.lang.Object, java.lang.Object, java.lang.Object, java.lang.Object, java.lang.Object, java.lang.Object)'> (0x0000000081b2c690) 
thrown [s\src\hotspot\share\interpreter\lin
Event: 30.162 Thread 0x000001e0573ccdb0 Exception <a 'java/lang/NoSuchMethodError'{0x0000000081b55458}: 'java.lang.Object java.lang.invoke.DirectMethodHandle$Holder.invokeStatic(java.lang.Object, java.lang.Object, java.lang.Object, java.lang.Object, java.lang.Object, java.lang.Object, java.lang.Object, java.lang.Object, java.lang.Object, java.lang.Object, java.lang.Object, java.lang.Object, java.lang.Object, java.lang.Object, java.lang.Object, java.lang.Object, java.lang.Object, java.lang.Object)'> (0x0000000081b55458) 
thrown [s\src\hotspot\sha
Event: 30.184 Thread 0x000001e0573ccdb0 Exception <a 'java/lang/NoSuchMethodError'{0x0000000081b7f8e0}: 'java.lang.Object java.lang.invoke.DirectMethodHandle$Holder.invokeStatic(java.lang.Object, java.lang.Object, java.lang.Object, java.lang.Object, java.lang.Object, java.lang.Object, java.lang.Object, java.lang.Object, java.lang.Object, java.lang.Object, java.lang.Object, java.lang.Object, java.lang.Object, java.lang.Object, java.lang.Object, java.lang.Object, java.lang.Object, java.lang.Object, java.lang.Object)'> (0x0000000081b7f8e0) 
thrown 
Event: 30.195 Thread 0x000001e0573ccdb0 Exception <a 'java/lang/NoSuchMethodError'{0x0000000081baaf68}: 'java.lang.Object java.lang.invoke.DirectMethodHandle$Holder.invokeStatic(java.lang.Object, java.lang.Object, java.lang.Object, java.lang.Object, java.lang.Object, java.lang.Object, java.lang.Object, java.lang.Object, java.lang.Object, java.lang.Object, java.lang.Object, java.lang.Object, java.lang.Object, java.lang.Object, java.lang.Object, java.lang.Object, java.lang.Object, java.lang.Object, java.lang.Object, java.lang.Object)'> (0x00000000
Event: 30.216 Thread 0x000001e0573ccdb0 Exception <a 'java/lang/NoSuchMethodError'{0x0000000081bd7850}: 'java.lang.Object java.lang.invoke.DirectMethodHandle$Holder.invokeStatic(java.lang.Object, java.lang.Object, java.lang.Object, java.lang.Object, java.lang.Object, java.lang.Object, java.lang.Object, java.lang.Object, java.lang.Object, java.lang.Object, java.lang.Object, java.lang.Object, java.lang.Object, java.lang.Object, java.lang.Object, java.lang.Object, java.lang.Object, java.lang.Object, java.lang.Object, java.lang.Object, java.lang.Obj
Event: 30.245 Thread 0x000001e0573ccdb0 Exception <a 'java/lang/NoSuchMethodError'{0x0000000087d05a80}: 'java.lang.Object java.lang.invoke.DirectMethodHandle$Holder.invokeStatic(java.lang.Object, java.lang.Object, java.lang.Object, java.lang.Object, java.lang.Object, java.lang.Object, java.lang.Object, java.lang.Object, java.lang.Object, java.lang.Object, java.lang.Object, java.lang.Object, java.lang.Object, java.lang.Object, java.lang.Object, java.lang.Object, java.lang.Object, java.lang.Object, java.lang.Object, java.lang.Object, java.lang.Obj
Event: 30.256 Thread 0x000001e0573ccdb0 Exception <a 'java/lang/NoSuchMethodError'{0x0000000087d34f68}: 'java.lang.Object java.lang.invoke.DirectMethodHandle$Holder.invokeStatic(java.lang.Object, java.lang.Object, java.lang.Object, java.lang.Object, java.lang.Object, java.lang.Object, java.lang.Object, java.lang.Object, java.lang.Object, java.lang.Object, java.lang.Object, java.lang.Object, java.lang.Object, java.lang.Object, java.lang.Object, java.lang.Object, java.lang.Object, java.lang.Object, java.lang.Object, java.lang.Object, java.lang.Obj
Event: 30.266 Thread 0x000001e0573ccdb0 Exception <a 'java/lang/NoSuchMethodError'{0x0000000087d64620}: 'java.lang.Object java.lang.invoke.DirectMethodHandle$Holder.invokeStatic(java.lang.Object, java.lang.Object, java.lang.Object, java.lang.Object, java.lang.Object, java.lang.Object, java.lang.Object, java.lang.Object, java.lang.Object, java.lang.Object, java.lang.Object, java.lang.Object, java.lang.Object, java.lang.Object, java.lang.Object, java.lang.Object, java.lang.Object, java.lang.Object, java.lang.Object, java.lang.Object, java.lang.Obj
Event: 30.281 Thread 0x000001e0573ccdb0 Exception <a 'java/lang/NoSuchMethodError'{0x0000000087deae28}: 'java.lang.Object java.lang.invoke.DirectMethodHandle$Holder.invokeStatic(java.lang.Object, java.lang.Object, java.lang.Object, java.lang.Object, java.lang.Object, java.lang.Object, java.lang.Object, java.lang.Object, java.lang.Object, java.lang.Object, java.lang.Object, java.lang.Object, java.lang.Object, java.lang.Object, java.lang.Object, java.lang.Object, java.lang.Object, java.lang.Object, java.lang.Object, java.lang.Object, java.lang.Obj
Event: 30.295 Thread 0x000001e0573ccdb0 Exception <a 'java/lang/NoSuchMethodError'{0x0000000087c1c4a0}: 'java.lang.Object java.lang.invoke.DirectMethodHandle$Holder.invokeStatic(java.lang.Object, java.lang.Object, java.lang.Object, java.lang.Object, java.lang.Object, java.lang.Object, java.lang.Object, java.lang.Object, java.lang.Object, java.lang.Object, java.lang.Object, java.lang.Object, java.lang.Object, java.lang.Object, java.lang.Object, java.lang.Object, java.lang.Object, java.lang.Object, java.lang.Object, java.lang.Object, java.lang.Obj
Event: 30.304 Thread 0x000001e0573ccdb0 Exception <a 'java/lang/NoSuchMethodError'{0x0000000087c4ef28}: 'java.lang.Object java.lang.invoke.DirectMethodHandle$Holder.invokeStatic(java.lang.Object, java.lang.Object, java.lang.Object, java.lang.Object, java.lang.Object, java.lang.Object, java.lang.Object, java.lang.Object, java.lang.Object, java.lang.Object, java.lang.Object, java.lang.Object, java.lang.Object, java.lang.Object, java.lang.Object, java.lang.Object, java.lang.Object, java.lang.Object, java.lang.Object, java.lang.Object, java.lang.Obj
Event: 30.457 Thread 0x000001e0573ccdb0 Exception <a 'java/lang/IncompatibleClassChangeError'{0x0000000085f74e00}: Found class java.lang.Object, but interface was expected> (0x0000000085f74e00) 
thrown [s\src\hotspot\share\interpreter\linkResolver.cpp, line 851]
Event: 31.806 Thread 0x000001e0573ccdb0 Exception <a 'java/lang/IncompatibleClassChangeError'{0x00000000835b0c18}: Found class java.lang.Object, but interface was expected> (0x00000000835b0c18) 
thrown [s\src\hotspot\share\interpreter\linkResolver.cpp, line 851]
Event: 31.827 Thread 0x000001e0573ccdb0 Exception <a 'java/lang/NoSuchMethodError'{0x00000000835db210}: 'java.lang.Object java.lang.invoke.DirectMethodHandle$Holder.newInvokeSpecial(java.lang.Object, java.lang.Object, java.lang.Object, java.lang.Object, java.lang.Object, java.lang.Object, java.lang.Object, java.lang.Object, java.lang.Object, java.lang.Object)'> (0x00000000835db210) 
thrown [s\src\hotspot\share\interpreter\linkResolver.cpp, line 784]
Event: 32.084 Thread 0x000001e0573ccdb0 Exception <a 'java/lang/NoSuchMethodError'{0x000000008324c498}: 'int java.lang.invoke.DirectMethodHandle$Holder.invokeStaticInit(java.lang.Object, java.lang.Object, java.lang.Object)'> (0x000000008324c498) 
thrown [s\src\hotspot\share\interpreter\linkResolver.cpp, line 784]
Event: 32.497 Thread 0x000001e0573ccdb0 Exception <a 'java/lang/NoSuchMethodError'{0x0000000082e55e40}: 'void java.lang.invoke.DirectMethodHandle$Holder.invokeVirtual(java.lang.Object, java.lang.Object, java.lang.Object, java.lang.Object, java.lang.Object)'> (0x0000000082e55e40) 
thrown [s\src\hotspot\share\interpreter\linkResolver.cpp, line 784]

ZGC Phase Switch (0 events):
No events

VM Operations (20 events):
Event: 26.156 Executing VM operation: Cleanup
Event: 26.157 Executing VM operation: Cleanup done
Event: 26.556 Executing VM operation: HandshakeAllThreads (Deoptimize)
Event: 26.556 Executing VM operation: HandshakeAllThreads (Deoptimize) done
Event: 27.556 Executing VM operation: Cleanup
Event: 27.557 Executing VM operation: Cleanup done
Event: 28.566 Executing VM operation: Cleanup
Event: 28.583 Executing VM operation: Cleanup done
Event: 29.595 Executing VM operation: Cleanup
Event: 29.595 Executing VM operation: Cleanup done
Event: 30.228 Executing VM operation: G1CollectForAllocation (G1 Evacuation Pause)
Event: 30.240 Executing VM operation: G1CollectForAllocation (G1 Evacuation Pause) done
Event: 30.349 Executing VM operation: HandshakeAllThreads (Deoptimize)
Event: 30.350 Executing VM operation: HandshakeAllThreads (Deoptimize) done
Event: 30.353 Executing VM operation: HandshakeAllThreads (Deoptimize)
Event: 30.353 Executing VM operation: HandshakeAllThreads (Deoptimize) done
Event: 31.368 Executing VM operation: Cleanup
Event: 31.368 Executing VM operation: Cleanup done
Event: 32.374 Executing VM operation: Cleanup
Event: 32.375 Executing VM operation: Cleanup done

Memory protections (0 events):
No events

Nmethod flushes (0 events):
No events

Events (20 events):
Event: 6.940 Thread 0x000001e057b5d430 Thread exited: 0x000001e057b5d430
Event: 10.672 Loaded shared library C:\Program Files\Android\Android Studio\jbr\bin\management.dll
Event: 10.702 Loaded shared library C:\Program Files\Android\Android Studio\jbr\bin\management_ext.dll
Event: 10.960 Thread 0x000001e03d177020 Thread added: 0x000001e0574a1360
Event: 11.978 Loaded shared library C:\Program Files\Android\Android Studio\jbr\bin\extnet.dll
Event: 12.638 Thread 0x000001e03d177020 Thread added: 0x000001e0575ef7c0
Event: 13.041 Thread 0x000001e03d177020 Thread added: 0x000001e05d320010
Event: 19.229 Thread 0x000001e0575ef7c0 Thread added: 0x000001e0579fdf80
Event: 19.268 Thread 0x000001e0579fdf80 Thread added: 0x000001e057444980
Event: 20.962 Thread 0x000001e0579fdf80 Thread added: 0x000001e05c54feb0
Event: 21.186 Thread 0x000001e0579fdf80 Thread added: 0x000001e0573ccdb0
Event: 21.465 Thread 0x000001e0573ccdb0 Thread added: 0x000001e0573cdad0
Event: 21.557 Thread 0x000001e0573ccdb0 Thread added: 0x000001e0573cd440
Event: 21.595 Thread 0x000001e0573ccdb0 Thread added: 0x000001e0573ce160
Event: 26.559 Thread 0x000001e0573ccdb0 Thread added: 0x000001e0573cc720
Event: 26.622 Thread 0x000001e0573ccdb0 Thread added: 0x000001e0573cba00
Event: 28.766 Thread 0x000001e0573ccdb0 Thread added: 0x000001e0573cc090
Event: 30.161 Thread 0x000001e05726fdc0 Thread added: 0x000001e057b5db00
Event: 30.836 Thread 0x000001e057b5db00 Thread exited: 0x000001e057b5db00
Event: 32.079 Thread 0x000001e057267320 Thread added: 0x000001e057b5bfc0


Dynamic libraries:
0x00007ff6025b0000 - 0x00007ff6025ba000 	C:\Program Files\Android\Android Studio\jbr\bin\java.exe
0x00007ffc8c9e0000 - 0x00007ffc8cc48000 	C:\WINDOWS\SYSTEM32\ntdll.dll
0x00007ffc8aac0000 - 0x00007ffc8ab89000 	C:\WINDOWS\System32\KERNEL32.DLL
0x00007ffc89d90000 - 0x00007ffc8a17d000 	C:\WINDOWS\System32\KERNELBASE.dll
0x00007ffc8a2d0000 - 0x00007ffc8a41b000 	C:\WINDOWS\System32\ucrtbase.dll
0x00007ffc78010000 - 0x00007ffc78028000 	C:\Program Files\Android\Android Studio\jbr\bin\jli.dll
0x00007ffc10110000 - 0x00007ffc1012b000 	C:\Program Files\Android\Android Studio\jbr\bin\VCRUNTIME140.dll
0x00007ffc8a800000 - 0x00007ffc8a9cc000 	C:\WINDOWS\System32\USER32.dll
0x00007ffc75180000 - 0x00007ffc7541a000 	C:\WINDOWS\WinSxS\amd64_microsoft.windows.common-controls_6595b64144ccf1df_6.0.26100.4484_none_3e0e6d4ce32ef3b3\COMCTL32.dll
0x00007ffc89d60000 - 0x00007ffc89d87000 	C:\WINDOWS\System32\win32u.dll
0x00007ffc8c340000 - 0x00007ffc8c3e9000 	C:\WINDOWS\System32\msvcrt.dll
0x00007ffc8c0d0000 - 0x00007ffc8c0fb000 	C:\WINDOWS\System32\GDI32.dll
0x00007ffc8a4c0000 - 0x00007ffc8a5f7000 	C:\WINDOWS\System32\gdi32full.dll
0x00007ffc89b30000 - 0x00007ffc89bd3000 	C:\WINDOWS\System32\msvcp_win.dll
0x00007ffc8af30000 - 0x00007ffc8af5f000 	C:\WINDOWS\System32\IMM32.DLL
0x00007ffc27910000 - 0x00007ffc2791c000 	C:\Program Files\Android\Android Studio\jbr\bin\vcruntime140_1.dll
0x00007ffc3e260000 - 0x00007ffc3e2ed000 	C:\Program Files\Android\Android Studio\jbr\bin\msvcp140.dll
0x00007ffbeee30000 - 0x00007ffbefabb000 	C:\Program Files\Android\Android Studio\jbr\bin\server\jvm.dll
0x00007ffc8af70000 - 0x00007ffc8b024000 	C:\WINDOWS\System32\ADVAPI32.dll
0x00007ffc8ab90000 - 0x00007ffc8ac36000 	C:\WINDOWS\System32\sechost.dll
0x00007ffc8bfb0000 - 0x00007ffc8c0c8000 	C:\WINDOWS\System32\RPCRT4.dll
0x00007ffc8a780000 - 0x00007ffc8a7f4000 	C:\WINDOWS\System32\WS2_32.dll
0x00007ffc794e0000 - 0x00007ffc79515000 	C:\WINDOWS\SYSTEM32\WINMM.dll
0x00007ffc89290000 - 0x00007ffc892ee000 	C:\WINDOWS\SYSTEM32\POWRPROF.dll
0x00007ffc82210000 - 0x00007ffc8221b000 	C:\WINDOWS\SYSTEM32\VERSION.dll
0x00007ffc89270000 - 0x00007ffc89284000 	C:\WINDOWS\SYSTEM32\UMPDC.dll
0x00007ffc888a0000 - 0x00007ffc888bb000 	C:\WINDOWS\SYSTEM32\kernel.appcore.dll
0x00007ffc27900000 - 0x00007ffc2790a000 	C:\Program Files\Android\Android Studio\jbr\bin\jimage.dll
0x00007ffc87430000 - 0x00007ffc87671000 	C:\WINDOWS\SYSTEM32\DBGHELP.DLL
0x00007ffc8c490000 - 0x00007ffc8c816000 	C:\WINDOWS\System32\combase.dll
0x00007ffc8b770000 - 0x00007ffc8b850000 	C:\WINDOWS\System32\OLEAUT32.dll
0x00007ffc75650000 - 0x00007ffc75693000 	C:\WINDOWS\SYSTEM32\dbgcore.DLL
0x00007ffc8a420000 - 0x00007ffc8a4b9000 	C:\WINDOWS\System32\bcryptPrimitives.dll
0x00007ffc75520000 - 0x00007ffc7552e000 	C:\Program Files\Android\Android Studio\jbr\bin\instrument.dll
0x00007ffc0edd0000 - 0x00007ffc0edf0000 	C:\Program Files\Android\Android Studio\jbr\bin\java.dll
0x00007ffc0edb0000 - 0x00007ffc0edc8000 	C:\Program Files\Android\Android Studio\jbr\bin\zip.dll
0x00007ffc8b860000 - 0x00007ffc8bfaa000 	C:\WINDOWS\System32\SHELL32.dll
0x00007ffc89be0000 - 0x00007ffc89d54000 	C:\WINDOWS\System32\wintypes.dll
0x00007ffc87760000 - 0x00007ffc87fbb000 	C:\WINDOWS\SYSTEM32\windows.storage.dll
0x00007ffc8c820000 - 0x00007ffc8c915000 	C:\WINDOWS\System32\SHCORE.dll
0x00007ffc8c930000 - 0x00007ffc8c99a000 	C:\WINDOWS\System32\shlwapi.dll
0x00007ffc89a40000 - 0x00007ffc89a6f000 	C:\WINDOWS\SYSTEM32\profapi.dll
0x00007ffc10100000 - 0x00007ffc10110000 	C:\Program Files\Android\Android Studio\jbr\bin\net.dll
0x00007ffc81570000 - 0x00007ffc8168e000 	C:\WINDOWS\SYSTEM32\WINHTTP.dll
0x00007ffc88e00000 - 0x00007ffc88e6a000 	C:\WINDOWS\system32\mswsock.dll
0x00007ffbfba00000 - 0x00007ffbfba16000 	C:\Program Files\Android\Android Studio\jbr\bin\nio.dll
0x00007ffbfb700000 - 0x00007ffbfb710000 	C:\Program Files\Android\Android Studio\jbr\bin\verify.dll
0x00007ffc4b480000 - 0x00007ffc4b4a7000 	C:\Users\diego\.gradle\native\1def1411415f61bf3af743bc5b6707747c0891f09f0c88961ee8f79bc544acac\windows-amd64\native-platform.dll
0x00007ffc4b400000 - 0x00007ffc4b478000 	C:\Users\diego\.gradle\native\0.2.7\x86_64-windows-gnu\gradle-fileevents.dll
0x00007ffbfb9f0000 - 0x00007ffbfb9f9000 	C:\Program Files\Android\Android Studio\jbr\bin\management.dll
0x00007ffbfb9e0000 - 0x00007ffbfb9eb000 	C:\Program Files\Android\Android Studio\jbr\bin\management_ext.dll
0x00007ffc8c3f0000 - 0x00007ffc8c3f8000 	C:\WINDOWS\System32\PSAPI.DLL
0x00007ffc882b0000 - 0x00007ffc882e3000 	C:\WINDOWS\SYSTEM32\IPHLPAPI.DLL
0x00007ffc8ae70000 - 0x00007ffc8ae7a000 	C:\WINDOWS\System32\NSI.dll
0x00007ffc02b70000 - 0x00007ffc02b79000 	C:\Program Files\Android\Android Studio\jbr\bin\extnet.dll
0x00007ffc89300000 - 0x00007ffc8931b000 	C:\WINDOWS\SYSTEM32\CRYPTSP.dll
0x00007ffc88800000 - 0x00007ffc8883a000 	C:\WINDOWS\system32\rsaenh.dll
0x00007ffc88ea0000 - 0x00007ffc88ecb000 	C:\WINDOWS\SYSTEM32\USERENV.dll
0x00007ffc89a10000 - 0x00007ffc89a36000 	C:\WINDOWS\SYSTEM32\bcrypt.dll
0x00007ffc89040000 - 0x00007ffc8904c000 	C:\WINDOWS\SYSTEM32\CRYPTBASE.dll
0x00007ffc60cb0000 - 0x00007ffc60cb8000 	C:\WINDOWS\system32\wshunix.dll

dbghelp: loaded successfully - version: 4.0.5 - missing functions: none
symbol engine: initialized successfully - sym options: 0x614 - pdb path: .;C:\Program Files\Android\Android Studio\jbr\bin;C:\WINDOWS\SYSTEM32;C:\WINDOWS\WinSxS\amd64_microsoft.windows.common-controls_6595b64144ccf1df_6.0.26100.4484_none_3e0e6d4ce32ef3b3;C:\Program Files\Android\Android Studio\jbr\bin\server;C:\Users\diego\.gradle\native\1def1411415f61bf3af743bc5b6707747c0891f09f0c88961ee8f79bc544acac\windows-amd64;C:\Users\diego\.gradle\native\0.2.7\x86_64-windows-gnu

VM Arguments:
jvm_args: --add-opens=java.base/java.lang=ALL-UNNAMED --add-opens=java.base/java.lang.invoke=ALL-UNNAMED --add-opens=java.base/java.util=ALL-UNNAMED --add-opens=java.prefs/java.util.prefs=ALL-UNNAMED --add-exports=jdk.compiler/com.sun.tools.javac.api=ALL-UNNAMED --add-exports=jdk.compiler/com.sun.tools.javac.util=ALL-UNNAMED --add-opens=java.base/java.util=ALL-UNNAMED --add-opens=java.prefs/java.util.prefs=ALL-UNNAMED --add-opens=java.base/java.nio.charset=ALL-UNNAMED --add-opens=java.base/java.net=ALL-UNNAMED --add-opens=java.base/java.util.concurrent.atomic=ALL-UNNAMED --add-opens=java.xml/javax.xml.namespace=ALL-UNNAMED -Xmx2048m -Dfile.encoding=UTF-8 -Duser.country=ES -Duser.language=es -Duser.variant -javaagent:C:\Users\diego\.gradle\wrapper\dists\gradle-8.13-bin\5xuhj0ry160q40clulazy9h7d\gradle-8.13\lib\agents\gradle-instrumentation-agent-8.13.jar 
java_command: org.gradle.launcher.daemon.bootstrap.GradleDaemon 8.13
java_class_path (initial): C:\Users\diego\.gradle\wrapper\dists\gradle-8.13-bin\5xuhj0ry160q40clulazy9h7d\gradle-8.13\lib\gradle-daemon-main-8.13.jar
Launcher Type: SUN_STANDARD

[Global flags]
     intx CICompilerCount                          = 4                                         {product} {ergonomic}
     uint ConcGCThreads                            = 3                                         {product} {ergonomic}
     uint G1ConcRefinementThreads                  = 10                                        {product} {ergonomic}
   size_t G1HeapRegionSize                         = 1048576                                   {product} {ergonomic}
    uintx GCDrainStackTargetSize                   = 64                                        {product} {ergonomic}
   size_t InitialHeapSize                          = 132120576                                 {product} {ergonomic}
   size_t MarkStackSize                            = 4194304                                   {product} {ergonomic}
   size_t MaxHeapSize                              = 2147483648                                {product} {command line}
   size_t MaxNewSize                               = 1287651328                                {product} {ergonomic}
   size_t MinHeapDeltaBytes                        = 1048576                                   {product} {ergonomic}
   size_t MinHeapSize                              = 8388608                                   {product} {ergonomic}
    uintx NonNMethodCodeHeapSize                   = 5839372                                {pd product} {ergonomic}
    uintx NonProfiledCodeHeapSize                  = 122909434                              {pd product} {ergonomic}
    uintx ProfiledCodeHeapSize                     = 122909434                              {pd product} {ergonomic}
    uintx ReservedCodeCacheSize                    = 251658240                              {pd product} {ergonomic}
     bool SegmentedCodeCache                       = true                                      {product} {ergonomic}
   size_t SoftMaxHeapSize                          = 2147483648                             {manageable} {ergonomic}
     bool UseCompressedOops                        = true                           {product lp64_product} {ergonomic}
     bool UseG1GC                                  = true                                      {product} {ergonomic}
     bool UseLargePagesIndividualAllocation        = false                                  {pd product} {ergonomic}

Logging:
Log output configuration:
 #0: stdout all=warning uptime,level,tags foldmultilines=false
 #1: stderr all=off uptime,level,tags foldmultilines=false

Environment Variables:
JAVA_HOME=C:\Java\jdk-17
PATH=C:\Java\jdk-17\bin;C:\Java\jdk-17\bin;C:\Java\jdk-17\bin;C:\WINDOWS\System32;C:\Program Files\Git\cmd;C:\Program Files\nodejs\;C:\Program Files\Docker\Docker\resources\bin;C:\Program Files\Git\cmd;C:\Program Files\nodejs\;C:\Program Files\Docker\Docker\resources\bin;C:\Program Files\Git\cmd;C:\Program Files\nodejs\;C:\Program Files\Docker\Docker\resources\bin;C:\Java\jdk-11\bin;%PATH%;C:\Program Files\Git\cmd;C:\Program Files\nodejs\;C:\Program Files\Docker\Docker\resources\bin;C:\Program Files\Eclipse Adoptium\jdk-11.0.21+9\bin;C:\Users\diego\AppData\Local\Android\Sdk\platform-tools;C:\Users\diego\AppData\Local\Programs\cursor\resources\app\bin;C:\Users\diego\AppData\Local\GitHubDesktop\bin;C:\Users\diego\AppData\Roaming\npm;C:\Program Files\heroku\bin;C:\Java\jdk-17\bin
USERNAME=diego
OS=Windows_NT
PROCESSOR_IDENTIFIER=Intel64 Family 6 Model 158 Stepping 10, GenuineIntel
TMP=C:\Users\diego\AppData\Local\Temp
TEMP=C:\Users\diego\AppData\Local\Temp




Periodic native trim disabled

JNI global refs:
JNI global refs: 23, weak refs: 0

JNI global refs memory usage: 835, weak refs: 833

Process memory usage:
Resident Set Size: 160712K (1% of 8239996K total physical memory with 754968K free physical memory)

OOME stack traces (most recent first):
Classloader memory used:
Loader bootstrap                                                                       : 16439K
Loader org.gradle.internal.classloader.VisitableURLClassLoader                         : 11684K
Loader org.gradle.initialization.MixInLegacyTypesClassLoader                           : 1633K
Loader jdk.internal.loader.ClassLoaders$AppClassLoader                                 : 235K
Loader jdk.internal.loader.ClassLoaders$PlatformClassLoader                            : 148K

Classes loaded by more than one classloader:
Class org.gradle.internal.classloader.FilteringClassLoader                            : loaded 2 times (x 101B)
Class org.gradle.internal.classloader.ClassLoaderHierarchy                            : loaded 2 times (x 66B)
Class org.gradle.api.internal.classpath.ManifestUtil                                  : loaded 2 times (x 67B)
Class org.gradle.internal.classloader.DefaultClassLoaderFactory                       : loaded 2 times (x 78B)
Class org.gradle.internal.classloader.ClassLoaderVisitor                              : loaded 2 times (x 72B)
Class org.gradle.api.internal.classpath.EffectiveClassPath                            : loaded 2 times (x 86B)
Class org.gradle.api.internal.DefaultClassPathProvider                                : loaded 2 times (x 72B)
Class [Lorg.gradle.api.internal.ClassPathProvider;                                    : loaded 2 times (x 65B)
Class org.gradle.api.internal.ClassPathProvider                                       : loaded 2 times (x 66B)
Class org.gradle.internal.service.UnknownServiceException                             : loaded 2 times (x 79B)
Class org.gradle.internal.classpath.TransformedClassPath                              : loaded 2 times (x 92B)
Class org.gradle.internal.classloader.InstrumentingClassLoader                        : loaded 2 times (x 66B)
Class org.gradle.internal.service.ServiceLocator                                      : loaded 2 times (x 66B)
Class org.gradle.internal.InternalTransformer                                         : loaded 2 times (x 66B)
Class org.gradle.internal.classloader.ClasspathUtil$1                                 : loaded 2 times (x 72B)
Class org.gradle.api.internal.classpath.DefaultModuleRegistry$DefaultModule           : loaded 2 times (x 82B)
Class org.gradle.api.internal.classpath.Module                                        : loaded 2 times (x 66B)
Class org.gradle.api.internal.classpath.UnknownModuleException                        : loaded 2 times (x 78B)
Class org.gradle.api.internal.DefaultClassPathRegistry                                : loaded 2 times (x 72B)
Class org.gradle.api.internal.ClassPathRegistry                                       : loaded 2 times (x 66B)
Class org.gradle.internal.classpath.DefaultClassPath$ImmutableUniqueList              : loaded 2 times (x 195B)
Class org.gradle.internal.classpath.ClassPath                                         : loaded 2 times (x 66B)
Class org.gradle.api.UncheckedIOException                                             : loaded 2 times (x 78B)
Class org.gradle.internal.installation.GradleInstallation$1                           : loaded 2 times (x 71B)
Class org.gradle.api.internal.classpath.ModuleRegistry                                : loaded 2 times (x 66B)
Class org.gradle.api.internal.classpath.DefaultModuleRegistry                         : loaded 2 times (x 82B)
Class org.gradle.internal.service.ServiceLookupException                              : loaded 2 times (x 78B)
Class org.gradle.internal.classloader.ClassLoaderFactory                              : loaded 2 times (x 66B)
Class org.gradle.internal.service.CachingServiceLocator                               : loaded 2 times (x 78B)
Class org.gradle.internal.classloader.ClasspathUtil                                   : loaded 2 times (x 67B)
Class org.gradle.api.specs.Spec                                                       : loaded 2 times (x 66B)
Class org.gradle.internal.classloader.VisitableURLClassLoader$InstrumentingVisitableURLClassLoader: loaded 2 times (x 119B)
Class org.gradle.internal.classloader.VisitableURLClassLoader$Spec                    : loaded 2 times (x 70B)
Class org.gradle.internal.classpath.DefaultClassPath                                  : loaded 2 times (x 86B)
Class org.gradle.internal.classloader.ClassLoaderSpec                                 : loaded 2 times (x 67B)
Class org.gradle.internal.classloader.VisitableURLClassLoader                         : loaded 2 times (x 113B)
Class org.gradle.internal.Cast                                                        : loaded 2 times (x 67B)
Class org.gradle.api.Action                                                           : loaded 2 times (x 66B)
Class org.gradle.internal.classpath.DefaultClassPath$ImmutableUniqueList$Builder      : loaded 2 times (x 71B)
Class org.gradle.api.GradleException                                                  : loaded 2 times (x 78B)
Class org.gradle.internal.IoActions                                                   : loaded 2 times (x 67B)
Class org.gradle.internal.classloader.SystemClassLoaderSpec                           : loaded 2 times (x 67B)
Class org.gradle.api.internal.classpath.GlobalCacheRootsProvider                      : loaded 2 times (x 66B)
Class org.gradle.internal.installation.CurrentGradleInstallationLocator               : loaded 2 times (x 67B)
Class org.gradle.internal.service.DefaultServiceLocator                               : loaded 2 times (x 79B)
Class org.gradle.internal.installation.CurrentGradleInstallation                      : loaded 2 times (x 69B)
Class org.gradle.util.internal.GUtil                                                  : loaded 2 times (x 67B)
Class org.gradle.internal.installation.GradleInstallation                             : loaded 2 times (x 71B)

---------------  S Y S T E M  ---------------

OS:
 Windows 11 , 64 bit Build 26100 (10.0.26100.4484)
OS uptime: 1 days 12:55 hours
Hyper-V role detected

CPU: total 12 (initial active 12) (6 cores per cpu, 2 threads per core) family 6 model 158 stepping 10 microcode 0xde, cx8, cmov, fxsr, ht, mmx, 3dnowpref, sse, sse2, sse3, ssse3, sse4.1, sse4.2, popcnt, lzcnt, tsc, tscinvbit, avx, avx2, aes, erms, clmul, bmi1, bmi2, adx, fma, vzeroupper, clflush, clflushopt, hv, rdtscp, f16c
Processor Information for processor 0
  Max Mhz: 2201, Current Mhz: 1500, Mhz Limit: 2201
Processor Information for processor 1
  Max Mhz: 2201, Current Mhz: 1500, Mhz Limit: 2201
Processor Information for processor 2
  Max Mhz: 2201, Current Mhz: 2201, Mhz Limit: 2201
Processor Information for processor 3
  Max Mhz: 2201, Current Mhz: 2201, Mhz Limit: 2201
Processor Information for processor 4
  Max Mhz: 2201, Current Mhz: 2201, Mhz Limit: 2201
Processor Information for processor 5
  Max Mhz: 2201, Current Mhz: 2201, Mhz Limit: 2201
Processor Information for processor 6
  Max Mhz: 2201, Current Mhz: 2201, Mhz Limit: 2201
Processor Information for processor 7
  Max Mhz: 2201, Current Mhz: 1500, Mhz Limit: 2201
Processor Information for processor 8
  Max Mhz: 2201, Current Mhz: 1500, Mhz Limit: 2201
Processor Information for processor 9
  Max Mhz: 2201, Current Mhz: 2201, Mhz Limit: 2201
Processor Information for processor 10
  Max Mhz: 2201, Current Mhz: 2201, Mhz Limit: 2201
Processor Information for processor 11
  Max Mhz: 2201, Current Mhz: 2201, Mhz Limit: 2201

Memory: 4k page, system-wide physical 8046M (741M free)
TotalPageFile size 21086M (AvailPageFile size 12M)
current process WorkingSet (physical memory assigned to process): 158M, peak: 160M
current process commit charge ("private bytes"): 238M, peak: 254M

vm_info: OpenJDK 64-Bit Server VM (21.0.6+-13391695-b895.109) for windows-amd64 JRE (21.0.6+-13391695-b895.109), built on 2025-04-22T21:19:17Z by "builder" with MS VC++ 16.10 / 16.11 (VS2019)

END.
